<?xml version="1.0" encoding="UTF-8"?>
<testng-results ignored="0" total="1" passed="1" failed="0" skipped="0">
  <reporter-output>
  </reporter-output>
  <suite started-at="2023-06-04T12:29:30 IST" name="Surefire suite" finished-at="2023-06-04T12:30:27 IST" duration-ms="56945">
    <groups>
    </groups>
    <test started-at="2023-06-04T12:29:30 IST" name="Surefire test" finished-at="2023-06-04T12:30:27 IST" duration-ms="56945">
      <class name="JenkinsDemo.Jenkins.TestCase1">
        <test-method signature="test()[pri:0, instance:JenkinsDemo.Jenkins.TestCase1@6a370f4]" started-at="2023-06-04T12:29:30 IST" name="test" finished-at="2023-06-04T12:30:27 IST" duration-ms="56869" status="PASS">
          <reporter-output>
          </reporter-output>
        </test-method> <!-- test -->
      </class> <!-- JenkinsDemo.Jenkins.TestCase1 -->
    </test> <!-- Surefire test -->
  </suite> <!-- Surefire suite -->
</testng-results>
